2026-03-12 10:34:54 | INFO | ============================================================
2026-03-12 10:34:54 | INFO | Начало синхронизации: 2026-03-12 10:34:54
2026-03-12 10:34:54 | INFO | ============================================================
2026-03-12 10:34:58 | INFO | Найдено данных для 489 хостов.
2026-03-12 10:34:58 | INFO | 
Планируется обновление 3 строк:
2026-03-12 10:34:58 | INFO |   Хост: mdm01-common-in-rmq01t | Сбор метрик: пусто -> Нет
2026-03-12 10:34:58 | INFO |   Хост: mdm01-common-int-rmq01t | Сбор метрик: пусто -> Нет
2026-03-12 10:34:58 | INFO |   Хост: mdm01-common-kriint-rmq01t | Сбор метрик: пусто -> Нет
2026-03-12 10:35:03 | INFO | Начинается обновление...
2026-03-12 10:35:03 | INFO | 
Всего обновлено: 3 строк.
2026-03-31 14:00:27 | INFO | ============================================================
2026-03-31 14:00:27 | INFO | Начало синхронизации: 2026-03-31 14:00:27
2026-03-31 14:00:27 | INFO | ============================================================
2026-03-31 14:00:31 | INFO | Найдено данных для 482 хостов.
2026-03-31 14:00:31 | INFO | 
Планируется обновление 37 строк:
2026-03-31 14:00:31 | INFO |   Хост: mdm30-tech-test001s | RAM: 162 -> 158; mnt na: 4320 -> 4150
2026-03-31 14:00:31 | INFO |   Хост: mdm30-tech-test003s | RAM: 95 -> 44; mnt na: пусто -> 750
2026-03-31 14:00:31 | INFO |   Хост: mdm30-kri-links-db01p | Сбор метрик: пусто -> Да; HDD Total: пусто -> 522; mnt /: пусто -> 20; mnt /data/00: пусто -> 500; mnt /boot: пусто -> 2
2026-03-31 14:00:31 | INFO |   Хост: mdm30-kri-links-db02p | Сбор метрик: пусто -> Да; HDD Total: пусто -> 522; mnt /: пусто -> 20; mnt /data/00: пусто -> 500; mnt /boot: пусто -> 2
2026-03-31 14:00:31 | INFO |   Хост: mdm30a-app01t | Сбор метрик: Да -> Нет
2026-03-31 14:00:31 | INFO |   Хост: mdm30a-app02t | Сбор метрик: Да -> Нет
2026-03-31 14:00:31 | INFO |   Хост: mdm30a-app03t | Сбор метрик: Да -> Нет
2026-03-31 14:00:31 | INFO |   Хост: mdm30-kri-main-db01p | Сбор метрик: пусто -> Да; HDD Total: пусто -> 1472; mnt /: пусто -> 20; mnt /data/00: пусто -> 1450; mnt /boot: пусто -> 2; mnt /nfs: пусто -> 1500
2026-03-31 14:00:31 | INFO |   Хост: mdm30-kri-main-db02p | Сбор метрик: пусто -> Да; HDD Total: пусто -> 1472; mnt /: пусто -> 20; mnt /data/00: пусто -> 1450; mnt /boot: пусто -> 2; mnt /nfs: пусто -> 1500
2026-03-31 14:00:31 | INFO |   Хост: mdm30a-mq01p | Сбор метрик: Да -> Нет
2026-03-31 14:00:31 | INFO |   Хост: mdm30a-mq02p | Сбор метрик: Да -> Нет
2026-03-31 14:00:31 | INFO |   Хост: mdm30a-rmq01t | Сбор метрик: Да -> Нет
2026-03-31 14:00:31 | INFO |   Хост: mdm01-common-in-rmq01t | Сбор метрик: Нет -> Да; mnt /: 22 -> 20; mnt /boot: пусто -> 2
2026-03-31 14:00:31 | INFO |   Хост: mdm01-common-int-rmq01t | Сбор метрик: Нет -> Да; mnt /: 22 -> 20; mnt /boot: пусто -> 2
2026-03-31 14:00:31 | INFO |   Хост: mdm01-common-kriint-rmq01t | Сбор метрик: Нет -> Да; mnt /: 22 -> 20; mnt /boot: пусто -> 2
2026-03-31 14:00:31 | INFO |   Хост: mdm01-ksrd-ud-mongo01t | Сбор метрик: пусто -> Да; mnt /: пусто -> 20; mnt /data/00: пусто -> 100; mnt /boot: пусто -> 2
2026-03-31 14:00:31 | INFO |   Хост: mdm30-ksrd-etl-nf002p | RAM: 8 -> 4
2026-03-31 14:00:31 | INFO |   Хост: mdm30-ksrd-etl-nf003p | RAM: 8 -> 4
2026-03-31 14:00:31 | INFO |   Хост: mdm30-ksrd-ud-os001p | RAM: 63 -> 14
2026-03-31 14:00:31 | INFO |   Хост: mdm30-ksrd-ud-os002p | RAM: 63 -> 14
2026-03-31 14:00:31 | INFO |   Хост: mdm30-ksrd-etl-nf001p | RAM: 8 -> 4
2026-03-31 14:00:31 | INFO |   Хост: mdm30-pdp-main-rmq003p | Сбор метрик: Да -> Нет
2026-03-31 14:00:31 | INFO |   Хост: mdm30-pdp-main-pg001p | Сбор метрик: Да -> Нет
2026-03-31 14:00:31 | INFO |   Хост: mdm30-pdp-main-pg002p | Сбор метрик: Да -> Нет
2026-03-31 14:00:31 | INFO |   Хост: mdm30-pdp-main-es001p | Сбор метрик: Да -> Нет
2026-03-31 14:00:31 | INFO |   Хост: mdm30-pdp-main-es002p | Сбор метрик: Да -> Нет
2026-03-31 14:00:31 | INFO |   Хост: mdm30-pdp-main-es003p | Сбор метрик: Да -> Нет
2026-03-31 14:00:31 | INFO |   Хост: mdm30-pdp-main-rmq001p | Сбор метрик: Да -> Нет
2026-03-31 14:00:31 | INFO |   Хост: mdm30-pdp-main-rmq002p | Сбор метрик: Да -> Нет
2026-03-31 14:00:31 | INFO |   Хост: mdm01-pdp-app02t | Сбор метрик: пусто -> Нет
2026-03-31 14:00:31 | INFO |   Хост: mdm01-pdp-app03t | Сбор метрик: пусто -> Нет
2026-03-31 14:00:31 | INFO |   Хост: mdm01-tech-cem-test09t | CPU: 12 -> 8
2026-03-31 14:00:31 | INFO |   Хост: mdm01-tech-cem-test10t | CPU: 12 -> 8
2026-03-31 14:00:31 | INFO |   Хост: mdm01-tech-cem-test11t | CPU: 12 -> 10
2026-03-31 14:00:31 | INFO |   Хост: mdm01-tech-cem-test26t | RAM: 22 -> 2
2026-03-31 14:00:31 | INFO |   Хост: mdm01-tech-cem-test29t | CPU: 12 -> 6; RAM: 22 -> 2
2026-03-31 14:00:31 | INFO |   Хост: mdm01-tech-cem-test30t | CPU: 8 -> 12; RAM: 6 -> 14
2026-03-31 14:00:37 | INFO | Начинается обновление...
2026-03-31 14:00:46 | INFO | 
Всего обновлено: 37 строк.
