2026-03-12 10:40:45 | ERROR | Environment variable VICTORIA_TOKEN is not set
2026-03-12 10:41:04 | INFO | ============================================================
2026-03-12 10:41:04 | INFO | Начало синхронизации версий ПО: 2026-03-12 10:41:04
2026-03-12 10:41:04 | INFO | ============================================================
2026-03-12 10:41:05 | INFO | Загружено 770 строк из таблицы 'Версии СПО'
2026-03-12 10:41:10 | INFO | Получено данных о версиях ПО для 437 хостов
2026-03-12 10:41:10 | INFO | Всего уникальных записей ПО: 657
2026-03-12 10:41:10 | INFO |   Apache_ignite: 6 записей
2026-03-12 10:41:10 | INFO |   Clickhouse: 5 записей
2026-03-12 10:41:10 | INFO |   Clickhouse_keeper: 14 записей
2026-03-12 10:41:10 | INFO |   Consul: 63 записей
2026-03-12 10:41:10 | INFO |   Docker: 151 записей
2026-03-12 10:41:10 | INFO |   ETCD: 24 записей
2026-03-12 10:41:10 | INFO |   Elasticsearch: 32 записей
2026-03-12 10:41:10 | INFO |   Jenkins: 4 записей
2026-03-12 10:41:10 | INFO |   Kafka: 7 записей
2026-03-12 10:41:10 | INFO |   Keepalived: 73 записей
2026-03-12 10:41:10 | INFO |   Kibana: 4 записей
2026-03-12 10:41:10 | INFO |   Logstash: 6 записей
2026-03-12 10:41:10 | INFO |   Mongodb: 3 записей
2026-03-12 10:41:10 | INFO |   Nginx: 37 записей
2026-03-12 10:41:10 | INFO |   Nifi: 36 записей
2026-03-12 10:41:10 | INFO |   Opensearch: 42 записей
2026-03-12 10:41:10 | INFO |   PostgreSQL: 43 записей
2026-03-12 10:41:10 | INFO |   RabbitMQ: 26 записей
2026-03-12 10:41:10 | INFO |   Redis: 15 записей
2026-03-12 10:41:10 | INFO |   Tomcat: 21 записей
2026-03-12 10:41:10 | INFO |   Zk: 31 записей
2026-03-12 10:41:10 | INFO |   vmagent: 14 записей
2026-03-12 10:41:10 | INFO | Найдено 719 существующих записей в таблице
2026-03-12 10:41:10 | INFO | 
Найдено 5 новых записей для создания:
2026-03-12 10:41:10 | INFO |   Хост: mdm30-ksrd-mok-nf01s, Контур: stage, ПО: Zk, Версия: 3.9.4
2026-03-12 10:41:10 | INFO |   Хост: mdm30-ksrd-mok-nf02s, Контур: stage, ПО: Zk, Версия: 3.9.4
2026-03-12 10:41:10 | INFO |   Хост: mdm30-ksrd-mok-nf03s, Контур: stage, ПО: Zk, Версия: 3.9.4
2026-03-12 10:41:10 | INFO |   Хост: mdm01-kri-main-db01t, Контур: test, ПО: PostgreSQL, Версия: 18.2.0
2026-03-12 10:41:10 | INFO |   Хост: mdm01-kri-links-db01t, Контур: test, ПО: PostgreSQL, Версия: 18.1.0
2026-03-12 10:41:14 | INFO | 
Начинается создание новых записей...
2026-03-12 10:41:14 | INFO | Создано 5 новых записей.
2026-03-12 10:41:14 | INFO | 
Синхронизация завершена. Всего обработано: 5 записей.
2026-03-12 10:41:14 | INFO |   - Обновлено: 0
2026-03-12 10:41:14 | INFO |   - Создано: 5
2026-03-31 14:16:50 | INFO | ============================================================
2026-03-31 14:16:50 | INFO | Начало синхронизации версий ПО: 2026-03-31 14:16:50
2026-03-31 14:16:50 | INFO | ============================================================
2026-03-31 14:16:51 | INFO | Загружено 775 строк из таблицы 'Версии СПО'
2026-03-31 14:16:57 | INFO | Получено данных о версиях ПО для 423 хостов
2026-03-31 14:16:57 | INFO | Всего уникальных записей ПО: 632
2026-03-31 14:16:57 | INFO |   Apache_ignite: 6 записей
2026-03-31 14:16:57 | INFO |   Clickhouse: 5 записей
2026-03-31 14:16:57 | INFO |   Clickhouse_keeper: 14 записей
2026-03-31 14:16:57 | INFO |   Consul: 61 записей
2026-03-31 14:16:57 | INFO |   Docker: 152 записей
2026-03-31 14:16:57 | INFO |   ETCD: 21 записей
2026-03-31 14:16:57 | INFO |   Elasticsearch: 29 записей
2026-03-31 14:16:57 | INFO |   Jenkins: 4 записей
2026-03-31 14:16:57 | INFO |   Kafka: 7 записей
2026-03-31 14:16:57 | INFO |   Keepalived: 66 записей
2026-03-31 14:16:57 | INFO |   Kibana: 4 записей
2026-03-31 14:16:57 | INFO |   Logstash: 6 записей
2026-03-31 14:16:57 | INFO |   Mongodb: 3 записей
2026-03-31 14:16:57 | INFO |   Nginx: 37 записей
2026-03-31 14:16:57 | INFO |   Nifi: 36 записей
2026-03-31 14:16:57 | INFO |   Opensearch: 35 записей
2026-03-31 14:16:57 | INFO |   PostgreSQL: 41 записей
2026-03-31 14:16:57 | INFO |   RabbitMQ: 26 записей
2026-03-31 14:16:57 | INFO |   Redis: 12 записей
2026-03-31 14:16:57 | INFO |   Tomcat: 22 записей
2026-03-31 14:16:57 | INFO |   Zk: 31 записей
2026-03-31 14:16:57 | INFO |   vmagent: 14 записей
2026-03-31 14:16:57 | INFO | Найдено 724 существующих записей в таблице
2026-03-31 14:16:57 | INFO | 
Найдено 10 записей для обновления:
2026-03-31 14:16:57 | INFO |   Хост: mdm30-kad-merge-app01s, ПО: Nifi
2026-03-31 14:16:57 | INFO |     Версия: 1.19.1 -> 1.24.0
2026-03-31 14:16:57 | INFO |   Хост: mdm30-common-in-rmq001p, ПО: RabbitMQ
2026-03-31 14:16:57 | INFO |     Версия: 3.8.3 -> 4.1.2
2026-03-31 14:16:57 | INFO |   Хост: mdm30-common-in-rmq002p, ПО: RabbitMQ
2026-03-31 14:16:57 | INFO |     Версия: 3.8.3 -> 4.1.2
2026-03-31 14:16:57 | INFO |   Хост: mdm30-common-in-rmq003p, ПО: RabbitMQ
2026-03-31 14:16:57 | INFO |     Версия: 3.8.3 -> 4.1.2
2026-03-31 14:16:57 | INFO |   Хост: mdm30-common-int-rmq001p, ПО: RabbitMQ
2026-03-31 14:16:57 | INFO |     Версия: 3.8.3 -> 4.1.2
2026-03-31 14:16:57 | INFO |   Хост: mdm30-common-int-rmq002p, ПО: RabbitMQ
2026-03-31 14:16:57 | INFO |     Версия: 3.8.3 -> 4.1.2
2026-03-31 14:16:57 | INFO |   Хост: mdm30-common-int-rmq003p, ПО: RabbitMQ
2026-03-31 14:16:57 | INFO |     Версия: 3.8.3 -> 4.1.2
2026-03-31 14:16:57 | INFO |   Хост: mdm30-common-out-mq001p, ПО: RabbitMQ
2026-03-31 14:16:57 | INFO |     Версия: 3.8.3 -> 4.1.2
2026-03-31 14:16:57 | INFO |   Хост: mdm30-common-out-mq002p, ПО: RabbitMQ
2026-03-31 14:16:57 | INFO |     Версия: 3.8.3 -> 4.1.2
2026-03-31 14:16:57 | INFO |   Хост: mdm30-common-out-mq003p, ПО: RabbitMQ
2026-03-31 14:16:57 | INFO |     Версия: 3.8.3 -> 4.1.2
2026-03-31 14:16:57 | INFO | 
Найдено 11 новых записей для создания:
2026-03-31 14:16:57 | INFO |   Хост: mdm01-ksrd-ud-mongo01t, Контур: test, ПО: Mongodb, Версия: 7.0.21
2026-03-31 14:16:57 | INFO |   Хост: mdm01-tech-test01t, Контур: test, ПО: Tomcat, Версия: 9.0.71
2026-03-31 14:16:57 | INFO |   Хост: mdm30-tech-test001s, Контур: test, ПО: Consul, Версия: v1.8.4
2026-03-31 14:16:57 | INFO |   Хост: mdm30-tech-test002s, Контур: test, ПО: Consul, Версия: v1.8.4
2026-03-31 14:16:57 | INFO |   Хост: mdm30-tech-test003s, Контур: test, ПО: Consul, Версия: v1.8.4
2026-03-31 14:16:57 | INFO |   Хост: mdm30-ksrd-ud-os002p, Контур: prod_dc15, ПО: Docker, Версия: 29.2.1-ce
2026-03-31 14:16:57 | INFO |   Хост: mdm30-kri-main-db01s, Контур: stage, ПО: PostgreSQL, Версия: 18.2.0
2026-03-31 14:16:57 | INFO |   Хост: mdm30-kri-links-db01s, Контур: stage, ПО: PostgreSQL, Версия: 18.2.0
2026-03-31 14:16:57 | INFO |   Хост: mdm01-common-in-rmq01t, Контур: test, ПО: RabbitMQ, Версия: 4.1.2
2026-03-31 14:16:57 | INFO |   Хост: mdm01-common-int-rmq01t, Контур: test, ПО: RabbitMQ, Версия: 4.1.2
2026-03-31 14:16:57 | INFO |   ... и еще 1 записей
2026-03-31 14:17:13 | INFO | 
Начинается обновление существующих записей...
2026-03-31 14:17:15 | INFO | Обновлено 10 записей.
2026-03-31 14:17:15 | INFO | 
Начинается создание новых записей...
2026-03-31 14:17:16 | INFO | Создано 11 новых записей.
2026-03-31 14:17:16 | INFO | 
Синхронизация завершена. Всего обработано: 21 записей.
2026-03-31 14:17:16 | INFO |   - Обновлено: 10
2026-03-31 14:17:16 | INFO |   - Создано: 11
